<?xml version="1.0" encoding="UTF-8"?>
<!-- Generated by org.testng.reporters.JUnitReportReporter -->
<testsuite skipped="0" hostname="qed42s-MacBook-Pro.local" name="test.Test_Sorting_of_All_Desktop_products" tests="1" failures="0" timestamp="2022-07-05T14:49:52 IST" time="17.003" errors="0">
  <testcase name="Get_All_Desktop_Page" time="17.003" classname="test.Test_Sorting_of_All_Desktop_products"/>
  <system-out/>
</testsuite> <!-- test.Test_Sorting_of_All_Desktop_products -->
