<?xml version="1.0" encoding="UTF-8"?>
<!-- Generated by org.testng.reporters.JUnitReportReporter -->
<testsuite skipped="0" hostname="qed42s-MacBook-Pro.local" name="test.Test_Featured_Product_Details" tests="1" failures="0" timestamp="2022-07-03T21:04:32 IST" time="0.794" errors="0">
  <testcase name="GetFeatured_Porduct_Name_And_Price" time="0.794" classname="test.Test_Featured_Product_Details"/>
  <system-out/>
</testsuite> <!-- test.Test_Featured_Product_Details -->
