<?xml version="1.0" encoding="UTF-8"?>
<!-- Generated by org.testng.reporters.JUnitReportReporter -->
<testsuite skipped="0" hostname="qed42s-MacBook-Pro.local" name="Framework_Package.BaseDriverDemo" tests="1" failures="0" timestamp="2022-07-03T13:00:08 IST" time="0.019" errors="0">
  <testcase name="getURL" time="0.019" classname="Framework_Package.BaseDriverDemo"/>
  <system-out>
    <![CDATA[URL -12]]>
  </system-out>
</testsuite> <!-- Framework_Package.BaseDriverDemo -->
